DY_PDT/build/intermediates/manifest_merge_blame_file/debug/manifest-merger-blame-debug-report.txt
1<?xml version="1.0" encoding="utf-8"?>
2<manifest xmlns:android="http://schemas.android.com/apk/res/android"
3    package="com.example.avto_inventarizatsiya1"
4    android:versionCode="1"
5    android:versionName="1.0" >
6
7    <uses-sdk
8        android:minSdkVersion="21"
8-->src\main\AndroidManifest.xml
9        android:targetSdkVersion="30" />
9-->src\main\AndroidManifest.xml
10
11    <uses-permission android:name="android.permission.INTERNET" />
11-->src\main\AndroidManifest.xml:6:5-67
11-->src\main\AndroidManifest.xml:6:22-64
12    <uses-permission android:name="android.permission.READ_PRIVILEGED_PHONE_STATE" />
12-->src\main\AndroidManifest.xml:7:5-9:47
12-->src\main\AndroidManifest.xml:8:9-70
13    <uses-permission android:name="android.permission.INTERNET" />
13-->src\main\AndroidManifest.xml:6:5-67
13-->src\main\AndroidManifest.xml:6:22-64
14    <uses-permission android:name="android.permission.ACCESS_NETWORK_STATE" />
14-->src\main\AndroidManifest.xml:11:5-79
14-->src\main\AndroidManifest.xml:11:22-76
15    <uses-permission android:name="android.permission.WAKE_LOCK" />
15-->src\main\AndroidManifest.xml:12:5-68
15-->src\main\AndroidManifest.xml:12:22-65
16    <uses-permission android:name="android.permission.RECEIVE_BOOT_COMPLETED" />
16-->src\main\AndroidManifest.xml:13:5-81
16-->src\main\AndroidManifest.xml:13:22-78
17    <uses-permission android:name="android.permission.ACCESS_NETWORK_STATE" />
17-->src\main\AndroidManifest.xml:11:5-79
17-->src\main\AndroidManifest.xml:11:22-76
18    <uses-permission android:name="android.permission.ACCESS_WIFI_STATE" /> <!-- <uses-permission android:name="android.permission.WRITE_INTERNAL_STORAGE" /> -->
18-->src\main\AndroidManifest.xml:15:5-76
18-->src\main\AndroidManifest.xml:15:22-73
19    <uses-permission android:name="android.permission.READ_EXTERNAL_STORAGE" />
19-->src\main\AndroidManifest.xml:16:5-80
19-->src\main\AndroidManifest.xml:16:22-77
20    <uses-permission android:name="android.permission.WRITE_EXTERNAL_STORAGE" />
20-->src\main\AndroidManifest.xml:17:5-81
20-->src\main\AndroidManifest.xml:17:22-78
21    <uses-permission android:name="android.permission.READ_PHONE_STATE" />
21-->src\main\AndroidManifest.xml:18:5-75
21-->src\main\AndroidManifest.xml:18:22-72
22    <uses-permission android:name="android.permission.NFC" />
22-->src\main\AndroidManifest.xml:19:5-62
22-->src\main\AndroidManifest.xml:19:22-59
23
24    <application
24-->src\main\AndroidManifest.xml:21:5-56:19
25        android:allowBackup="true"
25-->src\main\AndroidManifest.xml:22:9-35
26        android:appComponentFactory="androidx.core.app.CoreComponentFactory"
26-->[androidx.core:core:1.3.1] AndroidManifest.xml:24:18-86
27        android:debuggable="true"
28        android:icon="@mipmap/tsr"
28-->src\main\AndroidManifest.xml:23:9-35
29        android:label="@string/app_name"
29-->src\main\AndroidManifest.xml:24:9-41
30        android:networkSecurityConfig="@xml/network_security_config"
30-->src\main\AndroidManifest.xml:25:9-69
31        android:roundIcon="@mipmap/ic_launcher_round"
31-->src\main\AndroidManifest.xml:26:9-54
32        android:screenOrientation="portrait"
32-->src\main\AndroidManifest.xml:27:9-45
33        android:supportsRtl="true"
33-->src\main\AndroidManifest.xml:28:9-35
34        android:testOnly="true"
35        android:theme="@style/AppTheme" >
35-->src\main\AndroidManifest.xml:29:9-40
36        android:usesCleartextTraffic="true"
37        <activity android:name="com.example.DY_PDT.LocatsiyaActivity" />
37-->src\main\AndroidManifest.xml:31:9-72
37-->src\main\AndroidManifest.xml:31:19-70
38
39        <!-- android:windowSoftInputMode="stateHidden|adjustResize" -->
40
41        <activity
41-->src\main\AndroidManifest.xml:35:9-37:52
42            android:name="com.example.DY_PDT.activity_scan_avtomobil"
42-->src\main\AndroidManifest.xml:36:13-70
43            android:screenOrientation="portrait" />
43-->src\main\AndroidManifest.xml:37:13-49
44        <activity
44-->src\main\AndroidManifest.xml:38:9-40:52
45            android:name="com.example.DY_PDT.MainActivity"
45-->src\main\AndroidManifest.xml:39:13-59
46            android:screenOrientation="portrait" />
46-->src\main\AndroidManifest.xml:40:13-49
47        <activity
47-->src\main\AndroidManifest.xml:41:9-43:52
48            android:name="com.example.DY_PDT.Korish"
48-->src\main\AndroidManifest.xml:42:13-53
49            android:screenOrientation="portrait" />
49-->src\main\AndroidManifest.xml:43:13-49
50        <activity
50-->src\main\AndroidManifest.xml:44:9-46:52
51            android:name="com.example.DY_PDT.activity_scan_barcode"
51-->src\main\AndroidManifest.xml:45:13-68
52            android:screenOrientation="portrait" />
52-->src\main\AndroidManifest.xml:46:13-49
53        <activity
53-->src\main\AndroidManifest.xml:47:9-55:20
54            android:name="com.example.DY_PDT.LoginActivityCons"
54-->src\main\AndroidManifest.xml:48:13-64
55            android:screenOrientation="portrait" >
55-->src\main\AndroidManifest.xml:49:13-49
56            <intent-filter>
56-->src\main\AndroidManifest.xml:50:13-54:29
57                <action android:name="android.intent.action.MAIN" />
57-->src\main\AndroidManifest.xml:51:17-69
57-->src\main\AndroidManifest.xml:51:25-66
58
59                <category android:name="android.intent.category.LAUNCHER" />
59-->src\main\AndroidManifest.xml:53:17-77
59-->src\main\AndroidManifest.xml:53:27-74
60            </intent-filter>
61        </activity>
62    </application>
63
64</manifest>